c:\users\pixir\desktop\college stuff\ai\spaceshooter\x64\debug\vc141.pdb
c:\users\pixir\desktop\college stuff\ai\spaceshooter\x64\debug\vc141.idb
c:\users\pixir\desktop\college stuff\ai\spaceshooter\x64\debug\bullet.obj
c:\users\pixir\desktop\college stuff\ai\spaceshooter\x64\debug\cannon.obj
c:\users\pixir\desktop\college stuff\ai\spaceshooter\x64\debug\explosion.obj
c:\users\pixir\desktop\college stuff\ai\spaceshooter\x64\debug\game.obj
c:\users\pixir\desktop\college stuff\ai\spaceshooter\x64\debug\managedsprite.obj
c:\users\pixir\desktop\college stuff\ai\spaceshooter\x64\debug\missile.obj
c:\users\pixir\desktop\college stuff\ai\spaceshooter\x64\debug\nest.obj
c:\users\pixir\desktop\college stuff\ai\spaceshooter\x64\debug\player.obj
c:\users\pixir\desktop\college stuff\ai\spaceshooter\x64\debug\predator.obj
c:\users\pixir\desktop\college stuff\ai\spaceshooter\x64\debug\radar.obj
c:\users\pixir\desktop\college stuff\ai\spaceshooter\x64\debug\space.obj
c:\users\pixir\desktop\college stuff\ai\spaceshooter\x64\debug\worker.obj
c:\users\pixir\desktop\college stuff\ai\spaceshooter\x64\debug\block.obj
c:\users\pixir\desktop\college stuff\ai\spaceshooter\x64\debug\sweeper.obj
c:\users\pixir\desktop\college stuff\ai\spaceshooter\x64\debug\project.exe
c:\users\pixir\desktop\college stuff\ai\spaceshooter\x64\debug\project.ilk
c:\users\pixir\desktop\college stuff\ai\spaceshooter\x64\debug\project.pdb
c:\users\pixir\desktop\college stuff\ai\spaceshooter\x64\debug\game.new.obj.enc
c:\users\pixir\desktop\college stuff\ai\spaceshooter\x64\debug\project.tlog\cl.command.1.tlog
c:\users\pixir\desktop\college stuff\ai\spaceshooter\x64\debug\project.tlog\cl.read.1.tlog
c:\users\pixir\desktop\college stuff\ai\spaceshooter\x64\debug\project.tlog\cl.write.1.tlog
c:\users\pixir\desktop\college stuff\ai\spaceshooter\x64\debug\project.tlog\link.command.1.tlog
c:\users\pixir\desktop\college stuff\ai\spaceshooter\x64\debug\project.tlog\link.read.1.tlog
c:\users\pixir\desktop\college stuff\ai\spaceshooter\x64\debug\project.tlog\link.write.1.tlog
